2026-01-19 17:45:00,691 | INFO | --------------------------------------------------------------------------------
2026-01-19 17:45:00,691 | INFO | EXPERIMENT 3 — OPTIMIZATION EFFECTS ON NEURAL COLLAPSE
2026-01-19 17:45:00,691 | INFO | --------------------------------------------------------------------------------
2026-01-19 17:45:00,691 | INFO | Device: mps
2026-01-19 17:45:00,691 | INFO | Epochs: 200
2026-01-19 17:45:00,691 | INFO | Optimizers: ['SGD', 'Adam']
2026-01-19 17:45:00,691 | INFO | Output directory: img/20260119_174500
2026-01-19 17:45:00,691 | INFO | --------------------------------------------------------------------------------
2026-01-19 17:45:00,691 | INFO | 
--- Optimizer: SGD ---
2026-01-19 17:47:41,884 | INFO | SUMMARY
2026-01-19 17:47:41,885 | INFO | Final Test Acc    : 0.9880
2026-01-19 17:47:41,885 | INFO | NC1 (Collapse)    : 0.0876
2026-01-19 17:47:41,885 | INFO | NC2 (ETF)         : 0.0693
2026-01-19 17:47:41,885 | INFO | NC3 (Duality)     : 0.0621
2026-01-19 17:47:41,885 | INFO | NC4 (NCC)         : 0.9890
2026-01-19 17:47:41,885 | INFO | NC5 (Volume)      : 1.0000e-10
2026-01-19 17:47:41,885 | INFO | TPT Epoch         : 14
2026-01-19 17:47:41,885 | INFO | --------------------------------------------------------------------------------
2026-01-19 17:47:41,885 | INFO | 
--- Optimizer: Adam ---
2026-01-19 17:50:44,354 | INFO | SUMMARY
2026-01-19 17:50:44,354 | INFO | Final Test Acc    : 0.9570
2026-01-19 17:50:44,354 | INFO | NC1 (Collapse)    : 0.1581
2026-01-19 17:50:44,354 | INFO | NC2 (ETF)         : 0.1934
2026-01-19 17:50:44,354 | INFO | NC3 (Duality)     : 0.0999
2026-01-19 17:50:44,354 | INFO | NC4 (NCC)         : 0.9520
2026-01-19 17:50:44,354 | INFO | NC5 (Volume)      : 1.0000e-10
2026-01-19 17:50:44,354 | INFO | TPT Epoch         : N/A
2026-01-19 17:50:44,354 | INFO | --------------------------------------------------------------------------------
2026-01-19 17:50:44,354 | INFO | Generating optimizer comparison plots...
2026-01-19 17:51:38,459 | INFO | Saved figures:
2026-01-19 17:51:38,460 | INFO |  - train_loss_fig: img/20260119_174500/20260119_174500_opt_comparison_train_loss.png
2026-01-19 17:51:38,460 | INFO |  - val_accuracy_fig: img/20260119_174500/20260119_174500_opt_comparison_val_accuracy.png
2026-01-19 17:51:38,460 | INFO |  - nc_fig: img/20260119_174500/20260119_174500_opt_comparison_nc_metrics.png
2026-01-19 17:51:38,460 | INFO | Log saved at: img/20260119_174500/20260119_174500_experiment3_opt_comparison.log
2026-01-19 17:51:38,460 | INFO | --------------------------------------------------------------------------------
